<?xml version="1.0" encoding="UTF-8"?>
<!-- Generated by org.testng.reporters.JUnitXMLReporter -->
<testsuite ignored="0" hostname="LAPTOP-KCKTHUR7" failures="0" tests="3" name="ChromeTest" time="183.584" errors="0" timestamp="2024-03-11T18:24:03 IST">
  <testcase classname="io.stage.hudinielevate.cms.tests.NotificationsTest" name="verifyNotificationCreationTest" time="59.306"/>
  <testcase classname="io.stage.hudinielevate.cms.tests.NotificationsTest" name="verifyNotificationUpdationTest" time="56.109"/>
  <testcase classname="io.stage.hudinielevate.cms.tests.NotificationsTest" name="verifyNotificationDeletionTest" time="51.012"/>
</testsuite> <!-- ChromeTest -->
